<?xml version="1.0" encoding="UTF-8"?>
<!-- Generated by org.testng.reporters.JUnitReportReporter -->
<testsuite hostname="DESKTOP-O9OR2BF" failures="0" tests="1" name="com.TorrentPharma.MainPage.EmpCount_MainPage" time="57.515" errors="0" timestamp="2023-01-29T17:59:57 IST" skipped="0">
  <testcase classname="com.TorrentPharma.MainPage.EmpCount_MainPage" name="empList1" time="57.515"/>
  <system-out/>
</testsuite> <!-- com.TorrentPharma.MainPage.EmpCount_MainPage -->
