<?xml version="1.0" encoding="UTF-8"?>
<!-- Generated by org.testng.reporters.JUnitReportReporter -->
<testsuite hostname="DESKTOP-O9OR2BF" failures="0" tests="1" name="com.TorrentPharma.MainPage.EmpCount_MainPage" time="48.617" errors="0" timestamp="2023-02-19T20:52:56 IST" skipped="0">
  <testcase classname="com.TorrentPharma.MainPage.EmpCount_MainPage" name="empList1" time="48.617"/>
  <system-out/>
</testsuite> <!-- com.TorrentPharma.MainPage.EmpCount_MainPage -->
