<?xml version="1.0" encoding="UTF-8"?>
<!-- Generated by org.testng.reporters.JUnitReportReporter -->
<testsuite hostname="DESKTOP-O9OR2BF" failures="0" tests="7" name="com.TorrentPharma.MainPage.Login_MainPage" time="47.647" errors="0" timestamp="2023-01-29T11:17:10 IST" skipped="0">
  <testcase classname="com.TorrentPharma.MainPage.Login_MainPage" name="loginpage1" time="0.801"/>
  <system-out/>
  <testcase classname="com.TorrentPharma.MainPage.Login_MainPage" name="loginpage2" time="3.904"/>
  <system-out/>
  <testcase classname="com.TorrentPharma.MainPage.Login_MainPage" name="loginpage3" time="4.129"/>
  <system-out/>
  <testcase classname="com.TorrentPharma.MainPage.Login_MainPage" name="loginpage4" time="4.946"/>
  <system-out/>
  <testcase classname="com.TorrentPharma.MainPage.Login_MainPage" name="loginpage5" time="5.102"/>
  <system-out/>
  <testcase classname="com.TorrentPharma.MainPage.Login_MainPage" name="loginpage6" time="4.997"/>
  <system-out/>
  <testcase classname="com.TorrentPharma.MainPage.Login_MainPage" name="loginpage7" time="23.768"/>
  <system-out/>
</testsuite> <!-- com.TorrentPharma.MainPage.Login_MainPage -->
